<?xml version="1.0" encoding="UTF-8"?>
<!-- Generated by org.testng.reporters.JUnitXMLReporter -->
<testsuite hostname="DESKTOP-HQ2PQ5B" name="Surefire test" tests="1" failures="1" timestamp="2 Feb 2021 14:54:23 GMT" time="2.269" errors="0">
  <testcase name="testMain" time="2.224" classname="com.bolsadeideas.springboot.app.SpringBootDataJpaApplicationNGTest">
    <failure type="java.lang.IllegalArgumentException" message="Args must not be null">
      <![CDATA[java.lang.IllegalArgumentException: Args must not be null
	at org.springframework.util.Assert.notNull(Assert.java:134)
	at org.springframework.boot.devtools.restart.Restarter.<init>(Restarter.java:135)
	at org.springframework.boot.devtools.restart.Restarter.initialize(Restarter.java:546)
	at org.springframework.boot.devtools.restart.RestartApplicationListener.onApplicationStartingEvent(RestartApplicationListener.java:67)
	at org.springframework.boot.devtools.restart.RestartApplicationListener.onApplicationEvent(RestartApplicationListener.java:45)
	at org.springframework.context.event.SimpleApplicationEventMulticaster.invokeListener(SimpleApplicationEventMulticaster.java:167)
	at org.springframework.context.event.SimpleApplicationEventMulticaster.multicastEvent(SimpleApplicationEventMulticaster.java:139)
	at org.springframework.context.event.SimpleApplicationEventMulticaster.multicastEvent(SimpleApplicationEventMulticaster.java:122)
	at org.springframework.boot.context.event.EventPublishingRunListener.starting(EventPublishingRunListener.java:69)
	at org.springframework.boot.SpringApplicationRunListeners.starting(SpringApplicationRunListeners.java:48)
	at org.springframework.boot.SpringApplication.run(SpringApplication.java:292)
	at org.springframework.boot.SpringApplication.run(SpringApplication.java:1118)
	at org.springframework.boot.SpringApplication.run(SpringApplication.java:1107)
	at com.bolsadeideas.springboot.app.SpringBootDataJpaApplication.main(SpringBootDataJpaApplication.java:10)
	at com.bolsadeideas.springboot.app.SpringBootDataJpaApplicationNGTest.testMain(SpringBootDataJpaApplicationNGTest.java:23)
... Removed 28 stack frames]]>
    </failure>
  </testcase> <!-- testMain -->
</testsuite> <!-- Surefire test -->
