-------------------------------------------------------------------------------
Test set: com.mycompany.ejertestparam.PalindromoTest
-------------------------------------------------------------------------------
Tests run: 1, Failures: 0, Errors: 1, Skipped: 0, Time elapsed: 0 sec <<< FAILURE! - in com.mycompany.ejertestparam.PalindromoTest
testBuscaPalindromo(com.mycompany.ejertestparam.PalindromoTest)  Time elapsed: 0 sec  <<< ERROR!
java.lang.NullPointerException
	at com.mycompany.ejertestparam.PalindromoTest.testBuscaPalindromo(PalindromoTest.java:37)

